# JRE version: Java(TM) SE Runtime Environment (8.0_161-b12) (build 1.8.0_161-b12)
# Java VM: Java HotSpot(TM) 64-Bit Server VM (25.161-b12 mixed mode windows-amd64 compressed oops)
Heap:
 PSYoungGen      total 21504K, used 10226K [0x00000000eb400000, 0x00000000ecf80000, 0x0000000100000000)
  eden space 14848K, 47% used [0x00000000eb400000,0x00000000ebaed350,0x00000000ec280000)
  from space 6656K, 47% used [0x00000000ec280000,0x00000000ec58f780,0x00000000ec900000)
  to   space 6656K, 0% used [0x00000000ec900000,0x00000000ec900000,0x00000000ecf80000)
 ParOldGen       total 28160K, used 15391K [0x00000000c1c00000, 0x00000000c3780000, 0x00000000eb400000)
  object space 28160K, 54% used [0x00000000c1c00000,0x00000000c2b07f80,0x00000000c3780000)
 Metaspace       used 23925K, capacity 24394K, committed 24832K, reserved 1071104K
  class space    used 2795K, capacity 2945K, committed 3072K, reserved 1048576K
GC Heap History (10 events):
Event: 67.201 GC heap before
{Heap before GC invocations=14 (full 1):
 PSYoungGen      total 22016K, used 504K [0x00000000eb400000, 0x00000000ecf80000, 0x0000000100000000)
  eden space 15872K, 0% used [0x00000000eb400000,0x00000000eb400000,0x00000000ec380000)
  from space 6144K, 8% used [0x00000000ec380000,0x00000000ec3fe198,0x00000000ec980000)
  to   space 6144K, 0% used [0x00000000ec980000,0x00000000ec980000,0x00000000ecf80000)
 ParOldGen       total 44032K, used 14631K [0x00000000c1c00000, 0x00000000c4700000, 0x00000000eb400000)
  object space 44032K, 33% used [0x00000000c1c00000,0x00000000c2a49f38,0x00000000c4700000)
 Metaspace       used 20653K, capacity 21096K, committed 21296K, reserved 1069056K
  class space    used 2506K, capacity 2641K, committed 2688K, reserved 1048576K
Event: 67.679 GC heap after
Heap after GC invocations=14 (full 1):
 PSYoungGen      total 22016K, used 0K [0x00000000eb400000, 0x00000000ecf80000, 0x0000000100000000)
  eden space 15872K, 0% used [0x00000000eb400000,0x00000000eb400000,0x00000000ec380000)
  from space 6144K, 0% used [0x00000000ec380000,0x00000000ec380000,0x00000000ec980000)
  to   space 6144K, 0% used [0x00000000ec980000,0x00000000ec980000,0x00000000ecf80000)
 ParOldGen       total 28160K, used 9213K [0x00000000c1c00000, 0x00000000c3780000, 0x00000000eb400000)
  object space 28160K, 32% used [0x00000000c1c00000,0x00000000c24ff418,0x00000000c3780000)
 Metaspace       used 20653K, capacity 21096K, committed 21296K, reserved 1069056K
  class space    used 2506K, capacity 2641K, committed 2688K, reserved 1048576K
}
Event: 74.534 GC heap before
{Heap before GC invocations=15 (full 1):
 PSYoungGen      total 22016K, used 15872K [0x00000000eb400000, 0x00000000ecf80000, 0x0000000100000000)
  eden space 15872K, 100% used [0x00000000eb400000,0x00000000ec380000,0x00000000ec380000)
  from space 6144K, 0% used [0x00000000ec380000,0x00000000ec380000,0x00000000ec980000)
  to   space 6144K, 0% used [0x00000000ec980000,0x00000000ec980000,0x00000000ecf80000)
 ParOldGen       total 28160K, used 9213K [0x00000000c1c00000, 0x00000000c3780000, 0x00000000eb400000)
  object space 28160K, 32% used [0x00000000c1c00000,0x00000000c24ff418,0x00000000c3780000)
 Metaspace       used 21659K, capacity 22120K, committed 22448K, reserved 1069056K
  class space    used 2598K, capacity 2705K, committed 2816K, reserved 1048576K
Event: 74.542 GC heap after
Heap after GC invocations=15 (full 1):
 PSYoungGen      total 20992K, used 6135K [0x00000000eb400000, 0x00000000ed180000, 0x0000000100000000)
  eden space 14848K, 0% used [0x00000000eb400000,0x00000000eb400000,0x00000000ec280000)
  from space 6144K, 99% used [0x00000000ec980000,0x00000000ecf7de50,0x00000000ecf80000)
  to   space 7168K, 0% used [0x00000000ec280000,0x00000000ec280000,0x00000000ec980000)
 ParOldGen       total 28160K, used 9452K [0x00000000c1c00000, 0x00000000c3780000, 0x00000000eb400000)
  object space 28160K, 33% used [0x00000000c1c00000,0x00000000c253b120,0x00000000c3780000)
 Metaspace       used 21659K, capacity 22120K, committed 22448K, reserved 1069056K
  class space    used 2598K, capacity 2705K, committed 2816K, reserved 1048576K
}
Event: 77.695 GC heap before
{Heap before GC invocations=16 (full 1):
 PSYoungGen      total 20992K, used 20983K [0x00000000eb400000, 0x00000000ed180000, 0x0000000100000000)
  eden space 14848K, 100% used [0x00000000eb400000,0x00000000ec280000,0x00000000ec280000)
  from space 6144K, 99% used [0x00000000ec980000,0x00000000ecf7de50,0x00000000ecf80000)
  to   space 7168K, 0% used [0x00000000ec280000,0x00000000ec280000,0x00000000ec980000)
 ParOldGen       total 28160K, used 9452K [0x00000000c1c00000, 0x00000000c3780000, 0x00000000eb400000)
  object space 28160K, 33% used [0x00000000c1c00000,0x00000000c253b120,0x00000000c3780000)
 Metaspace       used 22923K, capacity 23432K, committed 23680K, reserved 1071104K
  class space    used 2714K, capacity 2865K, committed 2944K, reserved 1048576K
Event: 77.709 GC heap after
Heap after GC invocations=16 (full 1):
 PSYoungGen      total 22016K, used 1751K [0x00000000eb400000, 0x00000000ed080000, 0x0000000100000000)
  eden space 14848K, 0% used [0x00000000eb400000,0x00000000eb400000,0x00000000ec280000)
  from space 7168K, 24% used [0x00000000ec280000,0x00000000ec435e40,0x00000000ec980000)
  to   space 7168K, 0% used [0x00000000ec980000,0x00000000ec980000,0x00000000ed080000)
 ParOldGen       total 28160K, used 15375K [0x00000000c1c00000, 0x00000000c3780000, 0x00000000eb400000)
  object space 28160K, 54% used [0x00000000c1c00000,0x00000000c2b03f80,0x00000000c3780000)
 Metaspace       used 22923K, capacity 23432K, committed 23680K, reserved 1071104K
  class space    used 2714K, capacity 2865K, committed 2944K, reserved 1048576K
}
Event: 79.731 GC heap before
{Heap before GC invocations=17 (full 1):
 PSYoungGen      total 22016K, used 16599K [0x00000000eb400000, 0x00000000ed080000, 0x0000000100000000)
  eden space 14848K, 100% used [0x00000000eb400000,0x00000000ec280000,0x00000000ec280000)
  from space 7168K, 24% used [0x00000000ec280000,0x00000000ec435e40,0x00000000ec980000)
  to   space 7168K, 0% used [0x00000000ec980000,0x00000000ec980000,0x00000000ed080000)
 ParOldGen       total 28160K, used 15375K [0x00000000c1c00000, 0x00000000c3780000, 0x00000000eb400000)
  object space 28160K, 54% used [0x00000000c1c00000,0x00000000c2b03f80,0x00000000c3780000)
 Metaspace       used 23292K, capacity 23802K, committed 23936K, reserved 1071104K
  class space    used 2746K, capacity 2899K, committed 2944K, reserved 1048576K
Event: 79.735 GC heap after
Heap after GC invocations=17 (full 1):
 PSYoungGen      total 20992K, used 2616K [0x00000000eb400000, 0x00000000ecf80000, 0x0000000100000000)
  eden space 14848K, 0% used [0x00000000eb400000,0x00000000eb400000,0x00000000ec280000)
  from space 6144K, 42% used [0x00000000ec980000,0x00000000ecc0e3c8,0x00000000ecf80000)
  to   space 6656K, 0% used [0x00000000ec280000,0x00000000ec280000,0x00000000ec900000)
 ParOldGen       total 28160K, used 15383K [0x00000000c1c00000, 0x00000000c3780000, 0x00000000eb400000)
  object space 28160K, 54% used [0x00000000c1c00000,0x00000000c2b05f80,0x00000000c3780000)
 Metaspace       used 23292K, capacity 23802K, committed 23936K, reserved 1071104K
  class space    used 2746K, capacity 2899K, committed 2944K, reserved 1048576K
}
Event: 80.926 GC heap before
{Heap before GC invocations=18 (full 1):
 PSYoungGen      total 20992K, used 17464K [0x00000000eb400000, 0x00000000ecf80000, 0x0000000100000000)
  eden space 14848K, 100% used [0x00000000eb400000,0x00000000ec280000,0x00000000ec280000)
  from space 6144K, 42% used [0x00000000ec980000,0x00000000ecc0e3c8,0x00000000ecf80000)
  to   space 6656K, 0% used [0x00000000ec280000,0x00000000ec280000,0x00000000ec900000)
 ParOldGen       total 28160K, used 15383K [0x00000000c1c00000, 0x00000000c3780000, 0x00000000eb400000)
  object space 28160K, 54% used [0x00000000c1c00000,0x00000000c2b05f80,0x00000000c3780000)
 Metaspace       used 23845K, capacity 24318K, committed 24448K, reserved 1071104K
  class space    used 2788K, capacity 2937K, committed 2944K, reserved 1048576K
Event: 80.930 GC heap after
Heap after GC invocations=18 (full 1):
 PSYoungGen      total 21504K, used 3133K [0x00000000eb400000, 0x00000000ecf80000, 0x0000000100000000)
  eden space 14848K, 0% used [0x00000000eb400000,0x00000000eb400000,0x00000000ec280000)
  from space 6656K, 47% used [0x00000000ec280000,0x00000000ec58f780,0x00000000ec900000)
  to   space 6656K, 0% used [0x00000000ec900000,0x00000000ec900000,0x00000000ecf80000)
 ParOldGen       total 28160K, used 15391K [0x00000000c1c00000, 0x00000000c3780000, 0x00000000eb400000)
  object space 28160K, 54% used [0x00000000c1c00000,0x00000000c2b07f80,0x00000000c3780000)
 Metaspace       used 23845K, capacity 24318K, committed 24448K, reserved 1071104K
  class space    used 2788K, capacity 2937K, committed 2944K, reserved 1048576K
}

